2025-01-14 12:26:03.466 | INFO     | tools:get_metadata:234 - Loading metadata file...
2025-01-14 12:26:03.550 | ERROR    | tools:import_schema:157 - Database config.biosample.Pathogen_cl_1_0 schema not found.
2025-01-14 12:26:03.550 | ERROR    | tools:import_schema:157 - Database config.biosample.Pathogen_cl_1_0 schema not found.
2025-01-14 12:41:12.375 | INFO     | tools:get_metadata:234 - Loading metadata file...
2025-01-14 12:41:12.411 | ERROR    | tools:import_schema:157 - Database config.biosample.Pathogen_cl_1_0 schema not found.
2025-01-14 12:41:12.411 | ERROR    | tools:import_schema:157 - Database config.biosample.Pathogen_cl_1_0 schema not found.
2025-01-14 12:44:03.668 | INFO     | tools:get_metadata:234 - Loading metadata file...
2025-01-14 12:44:03.724 | ERROR    | tools:import_schema:157 - Database config.biosample.Pathogen_cl_1_0 schema not found.
2025-01-14 12:44:03.724 | ERROR    | tools:import_schema:157 - Database config.biosample.Pathogen_cl_1_0 schema not found.
2025-01-14 12:47:59.379 | INFO     | tools:get_metadata:234 - Loading metadata file...
2025-01-14 12:47:59.409 | ERROR    | tools:import_schema:157 - Database config.biosample.Pathogen_cl_1_0 schema not found.
2025-01-14 12:47:59.409 | ERROR    | tools:import_schema:157 - Database config.biosample.Pathogen_cl_1_0 schema not found.
2025-01-14 12:56:22.611 | INFO     | tools:get_metadata:234 - Loading metadata file...
2025-01-14 12:56:22.637 | ERROR    | tools:import_schema:157 - Database config.biosample.Pathogen_cl_1_0 schema not found.
2025-01-14 12:56:22.637 | ERROR    | tools:import_schema:157 - Database config.biosample.Pathogen_cl_1_0 schema not found.
2025-01-14 12:59:51.409 | INFO     | tools:get_metadata:234 - Loading metadata file...
2025-01-14 12:59:51.440 | ERROR    | tools:import_schema:157 - Database config.biosample.Pathogen_cl_1_0 schema not found.
2025-01-14 12:59:51.440 | ERROR    | tools:import_schema:157 - Database config.biosample.Pathogen_cl_1_0 schema not found.
2025-01-14 13:01:16.133 | INFO     | tools:get_metadata:234 - Loading metadata file...
2025-01-14 13:01:16.155 | ERROR    | tools:import_schema:157 - Database config.biosample.Pathogen_cl_1_0 schema not found.
2025-01-14 13:01:16.155 | ERROR    | tools:import_schema:157 - Database config.biosample.Pathogen_cl_1_0 schema not found.
2025-01-14 13:03:34.311 | INFO     | tools:get_metadata:234 - Loading metadata file...
2025-01-14 13:03:34.343 | ERROR    | tools:import_schema:157 - Database config.biosample.Pathogen_cl_1_0 schema not found.
2025-01-14 13:03:34.343 | ERROR    | tools:import_schema:157 - Database config.biosample.Pathogen_cl_1_0 schema not found.
2025-01-14 13:05:14.400 | INFO     | tools:get_metadata:234 - Loading metadata file...
2025-01-14 13:05:14.436 | ERROR    | tools:import_schema:157 - Database config.biosample.Pathogen_cl_1_0 schema not found.
2025-01-14 13:05:14.436 | ERROR    | tools:import_schema:157 - Database config.biosample.Pathogen_cl_1_0 schema not found.
2025-01-14 13:06:53.093 | INFO     | tools:get_metadata:234 - Loading metadata file...
2025-01-14 13:06:53.123 | ERROR    | tools:import_schema:157 - Database config.biosample.Pathogen_cl_1_0 schema not found.
2025-01-14 13:06:53.123 | ERROR    | tools:import_schema:157 - Database config.biosample.Pathogen_cl_1_0 schema not found.
2025-01-14 13:08:03.737 | INFO     | tools:get_metadata:234 - Loading metadata file...
2025-01-14 13:08:03.792 | ERROR    | tools:import_schema:157 - Database config.biosample.Pathogen_cl_1_0 schema not found.
2025-01-14 13:08:03.792 | ERROR    | tools:import_schema:157 - Database config.biosample.Pathogen_cl_1_0 schema not found.
2025-01-14 13:12:42.586 | INFO     | tools:get_metadata:236 - Loading metadata file...
2025-01-14 13:12:42.615 | ERROR    | tools:import_schema:159 - Database config.biosample.Pathogen_cl_1_0 schema not found.
2025-01-14 13:12:42.615 | ERROR    | tools:import_schema:159 - Database config.biosample.Pathogen_cl_1_0 schema not found.
2025-01-14 13:19:11.063 | INFO     | tools:get_metadata:236 - Loading metadata file...
2025-01-14 13:20:33.341 | INFO     | tools:get_metadata:236 - Loading metadata file...
2025-01-14 13:20:33.677 | ERROR    | tools:validate_metadata:230 - Metadata failed GenBank comment schema.
2025-01-14 13:20:33.677 | ERROR    | tools:validate_metadata:230 - Metadata failed GenBank comment schema.
2025-01-14 13:20:33.694 | ERROR    | tools:pretty_print_pandera_errors:258 - File /scicomp/home-pure/psv4/seqsender_master/seqsender/FLU_TEST_DATA/metadata.csv has the following error('s):
(Note: Index position is calculated excluding column headers and the first row index value starting at '1'.)

2025-01-14 13:20:33.694 | ERROR    | tools:pretty_print_pandera_errors:258 - File /scicomp/home-pure/psv4/seqsender_master/seqsender/FLU_TEST_DATA/metadata.csv has the following error('s):
(Note: Index position is calculated excluding column headers and the first row index value starting at '1'.)

2025-01-14 13:20:33.695 | ERROR    | tools:pretty_print_pandera_errors:264 - Missing required column 'Assembly Method', ensure the file has not been modified and retry.
2025-01-14 13:20:33.695 | ERROR    | tools:pretty_print_pandera_errors:264 - Missing required column 'Assembly Method', ensure the file has not been modified and retry.
2025-01-14 13:22:14.719 | INFO     | tools:get_metadata:236 - Loading metadata file...
2025-01-14 13:22:14.904 | ERROR    | tools:validate_metadata:230 - Metadata failed GenBank comment schema.
2025-01-14 13:22:14.904 | ERROR    | tools:validate_metadata:230 - Metadata failed GenBank comment schema.
2025-01-14 13:22:14.921 | ERROR    | tools:pretty_print_pandera_errors:258 - File /scicomp/home-pure/psv4/seqsender_master/seqsender/FLU_TEST_DATA/metadata.csv has the following error('s):
(Note: Index position is calculated excluding column headers and the first row index value starting at '1'.)

2025-01-14 13:22:14.921 | ERROR    | tools:pretty_print_pandera_errors:258 - File /scicomp/home-pure/psv4/seqsender_master/seqsender/FLU_TEST_DATA/metadata.csv has the following error('s):
(Note: Index position is calculated excluding column headers and the first row index value starting at '1'.)

2025-01-14 13:22:14.923 | ERROR    | tools:pretty_print_pandera_errors:264 - Missing required column 'cmt-Assembly Method', ensure the file has not been modified and retry.
2025-01-14 13:22:14.923 | ERROR    | tools:pretty_print_pandera_errors:264 - Missing required column 'cmt-Assembly Method', ensure the file has not been modified and retry.
2025-01-14 13:24:17.870 | INFO     | tools:get_metadata:236 - Loading metadata file...
2025-01-14 13:24:18.165 | SUCCESS  | tools:get_metadata:254 - Metadata successfully loaded.
2025-01-14 13:24:18.165 | SUCCESS  | tools:get_metadata:254 - Metadata successfully loaded.
2025-01-14 13:24:18.403 | INFO     | __main__:prep:82 - Creating submission files for BIOSAMPLE
2025-01-14 13:24:18.440 | INFO     | __main__:prep:94 - Files are stored at: /scicomp/home-pure/psv4/seqsender_master/seqsender/FLU_TEST_DATA/submission_files/BIOSAMPLE
2025-01-14 13:24:18.440 | INFO     | __main__:prep:82 - Creating submission files for GENBANK
2025-01-14 13:24:18.561 | INFO     | __main__:prep:94 - Files are stored at: /scicomp/home-pure/psv4/seqsender_master/seqsender/FLU_TEST_DATA/submission_files/GENBANK
2025-01-14 13:24:18.561 | INFO     | __main__:get_execution_time:36 - 
Total runtime (HRS:MIN:SECS): 0:00:00.762491
2025-01-14 13:27:08.404 | INFO     | tools:get_metadata:236 - Loading metadata file...
2025-01-14 13:27:08.584 | SUCCESS  | tools:get_metadata:254 - Metadata successfully loaded.
2025-01-14 13:27:08.584 | SUCCESS  | tools:get_metadata:254 - Metadata successfully loaded.
2025-01-14 13:27:08.782 | INFO     | __main__:prep:82 - Creating submission files for BIOSAMPLE
2025-01-14 13:27:08.818 | INFO     | __main__:prep:94 - Files are stored at: /scicomp/home-pure/psv4/seqsender_master/seqsender/FLU_TEST_DATA/submission_files/BIOSAMPLE
2025-01-14 13:27:08.818 | INFO     | __main__:prep:82 - Creating submission files for GENBANK
2025-01-14 13:27:08.925 | INFO     | __main__:prep:94 - Files are stored at: /scicomp/home-pure/psv4/seqsender_master/seqsender/FLU_TEST_DATA/submission_files/GENBANK
2025-01-14 13:27:08.925 | INFO     | __main__:get_execution_time:36 - 
Total runtime (HRS:MIN:SECS): 0:00:00.575638
2025-01-14 13:28:47.488 | INFO     | tools:get_metadata:236 - Loading metadata file...
2025-01-14 13:28:47.658 | SUCCESS  | tools:get_metadata:254 - Metadata successfully loaded.
2025-01-14 13:28:47.658 | SUCCESS  | tools:get_metadata:254 - Metadata successfully loaded.
2025-01-14 13:28:47.863 | INFO     | __main__:prep:82 - Creating submission files for BIOSAMPLE
2025-01-14 13:28:47.901 | INFO     | __main__:prep:94 - Files are stored at: /scicomp/home-pure/psv4/seqsender_master/seqsender/FLU_TEST_DATA/submission_files/BIOSAMPLE
2025-01-14 13:28:47.901 | INFO     | __main__:prep:82 - Creating submission files for GENBANK
2025-01-14 13:28:48.017 | INFO     | __main__:prep:94 - Files are stored at: /scicomp/home-pure/psv4/seqsender_master/seqsender/FLU_TEST_DATA/submission_files/GENBANK
2025-01-14 13:28:48.017 | INFO     | __main__:get_execution_time:36 - 
Total runtime (HRS:MIN:SECS): 0:00:00.583673
2025-01-14 13:30:43.317 | INFO     | tools:get_metadata:236 - Loading metadata file...
2025-01-14 13:30:43.504 | SUCCESS  | tools:get_metadata:254 - Metadata successfully loaded.
2025-01-14 13:30:43.504 | SUCCESS  | tools:get_metadata:254 - Metadata successfully loaded.
2025-01-14 13:30:43.729 | INFO     | __main__:prep:82 - Creating submission files for BIOSAMPLE
2025-01-14 13:30:43.774 | INFO     | __main__:prep:94 - Files are stored at: /scicomp/home-pure/psv4/seqsender_master/seqsender/FLU_TEST_DATA/submission_files/BIOSAMPLE
2025-01-14 13:30:43.774 | INFO     | __main__:prep:82 - Creating submission files for GENBANK
2025-01-14 13:30:43.900 | INFO     | __main__:prep:94 - Files are stored at: /scicomp/home-pure/psv4/seqsender_master/seqsender/FLU_TEST_DATA/submission_files/GENBANK
2025-01-14 13:30:43.901 | INFO     | __main__:get_execution_time:36 - 
Total runtime (HRS:MIN:SECS): 0:00:00.641725
2025-01-14 13:31:36.861 | INFO     | tools:get_metadata:236 - Loading metadata file...
2025-01-14 13:31:37.070 | SUCCESS  | tools:get_metadata:254 - Metadata successfully loaded.
2025-01-14 13:31:37.070 | SUCCESS  | tools:get_metadata:254 - Metadata successfully loaded.
2025-01-14 13:31:37.331 | INFO     | __main__:prep:82 - Creating submission files for BIOSAMPLE
2025-01-14 13:31:37.375 | INFO     | __main__:prep:94 - Files are stored at: /scicomp/home-pure/psv4/seqsender_master/seqsender/FLU_TEST_DATA/submission_files/BIOSAMPLE
2025-01-14 13:31:37.376 | INFO     | __main__:prep:82 - Creating submission files for GENBANK
2025-01-14 13:31:37.509 | INFO     | __main__:prep:94 - Files are stored at: /scicomp/home-pure/psv4/seqsender_master/seqsender/FLU_TEST_DATA/submission_files/GENBANK
2025-01-14 13:31:37.509 | INFO     | __main__:get_execution_time:36 - 
Total runtime (HRS:MIN:SECS): 0:00:00.705327
2025-01-14 13:34:28.563 | INFO     | tools:get_metadata:236 - Loading metadata file...
2025-01-14 13:34:28.591 | SUCCESS  | tools:load_custom_validation:180 - Custom validation added: 'ID'
2025-01-14 13:34:28.591 | SUCCESS  | tools:load_custom_validation:180 - Custom validation added: 'ID'
2025-01-14 13:34:28.746 | SUCCESS  | tools:get_metadata:254 - Metadata successfully loaded.
2025-01-14 13:34:28.746 | SUCCESS  | tools:get_metadata:254 - Metadata successfully loaded.
2025-01-14 13:34:29.027 | INFO     | __main__:prep:82 - Creating submission files for BIOSAMPLE
2025-01-14 13:34:29.072 | INFO     | __main__:prep:94 - Files are stored at: /scicomp/home-pure/psv4/seqsender_master/seqsender/FLU_TEST_DATA/submission_files/BIOSAMPLE
2025-01-14 13:34:29.072 | INFO     | __main__:prep:82 - Creating submission files for GENBANK
2025-01-14 13:34:29.239 | INFO     | __main__:prep:94 - Files are stored at: /scicomp/home-pure/psv4/seqsender_master/seqsender/FLU_TEST_DATA/submission_files/GENBANK
2025-01-14 13:34:29.239 | INFO     | __main__:get_execution_time:36 - 
Total runtime (HRS:MIN:SECS): 0:00:00.750324
2025-01-14 13:36:30.868 | INFO     | tools:get_metadata:236 - Loading metadata file...
2025-01-14 13:36:30.905 | SUCCESS  | tools:load_custom_validation:180 - Custom validation added: 'ID'
2025-01-14 13:36:30.905 | SUCCESS  | tools:load_custom_validation:180 - Custom validation added: 'ID'
2025-01-14 13:38:13.113 | INFO     | tools:get_metadata:236 - Loading metadata file...
2025-01-14 13:38:13.148 | SUCCESS  | tools:load_custom_validation:180 - Custom validation added: 'ID'
2025-01-14 13:38:13.148 | SUCCESS  | tools:load_custom_validation:180 - Custom validation added: 'ID'
2025-01-14 13:38:13.384 | ERROR    | tools:validate_metadata:230 - Metadata failed GenBank comment schema.
2025-01-14 13:38:13.384 | ERROR    | tools:validate_metadata:230 - Metadata failed GenBank comment schema.
2025-01-14 13:38:13.406 | ERROR    | tools:pretty_print_pandera_errors:258 - File /scicomp/home-pure/psv4/seqsender_master/seqsender/FLU_TEST_DATA/metadata.csv has the following error('s):
(Note: Index position is calculated excluding column headers and the first row index value starting at '1'.)

2025-01-14 13:38:13.406 | ERROR    | tools:pretty_print_pandera_errors:258 - File /scicomp/home-pure/psv4/seqsender_master/seqsender/FLU_TEST_DATA/metadata.csv has the following error('s):
(Note: Index position is calculated excluding column headers and the first row index value starting at '1'.)

2025-01-14 13:38:13.408 | ERROR    | tools:pretty_print_pandera_errors:264 - Missing required column 'cmt-type', ensure the file has not been modified and retry.
2025-01-14 13:38:13.408 | ERROR    | tools:pretty_print_pandera_errors:264 - Missing required column 'cmt-type', ensure the file has not been modified and retry.
2025-01-14 13:38:13.408 | ERROR    | tools:pretty_print_pandera_errors:264 - Missing required column 'cmt-segment_name', ensure the file has not been modified and retry.
2025-01-14 13:38:13.408 | ERROR    | tools:pretty_print_pandera_errors:264 - Missing required column 'cmt-segment_name', ensure the file has not been modified and retry.
2025-01-14 13:38:13.409 | ERROR    | tools:pretty_print_pandera_errors:264 - Missing required column 'cmt-host_age', ensure the file has not been modified and retry.
2025-01-14 13:38:13.409 | ERROR    | tools:pretty_print_pandera_errors:264 - Missing required column 'cmt-host_age', ensure the file has not been modified and retry.
2025-01-14 13:38:13.409 | ERROR    | tools:pretty_print_pandera_errors:264 - Missing required column 'cmt-host_gender', ensure the file has not been modified and retry.
2025-01-14 13:38:13.409 | ERROR    | tools:pretty_print_pandera_errors:264 - Missing required column 'cmt-host_gender', ensure the file has not been modified and retry.
2025-01-14 13:38:13.410 | ERROR    | tools:pretty_print_pandera_errors:264 - Missing required column 'cmt-passage', ensure the file has not been modified and retry.
2025-01-14 13:38:13.410 | ERROR    | tools:pretty_print_pandera_errors:264 - Missing required column 'cmt-passage', ensure the file has not been modified and retry.
2025-01-14 13:38:13.410 | ERROR    | tools:pretty_print_pandera_errors:264 - Missing required column 'cmt-location', ensure the file has not been modified and retry.
2025-01-14 13:38:13.410 | ERROR    | tools:pretty_print_pandera_errors:264 - Missing required column 'cmt-location', ensure the file has not been modified and retry.
2025-01-14 13:38:13.411 | ERROR    | tools:pretty_print_pandera_errors:264 - Missing required column 'cmt-lineage', ensure the file has not been modified and retry.
2025-01-14 13:38:13.411 | ERROR    | tools:pretty_print_pandera_errors:264 - Missing required column 'cmt-lineage', ensure the file has not been modified and retry.
2025-01-14 13:38:13.411 | ERROR    | tools:pretty_print_pandera_errors:264 - Missing required column 'cmt-resist_to_oseltamivir', ensure the file has not been modified and retry.
2025-01-14 13:38:13.411 | ERROR    | tools:pretty_print_pandera_errors:264 - Missing required column 'cmt-resist_to_oseltamivir', ensure the file has not been modified and retry.
2025-01-14 13:38:13.411 | ERROR    | tools:pretty_print_pandera_errors:264 - Missing required column 'cmt-resist_to_zanamvir', ensure the file has not been modified and retry.
2025-01-14 13:38:13.411 | ERROR    | tools:pretty_print_pandera_errors:264 - Missing required column 'cmt-resist_to_zanamvir', ensure the file has not been modified and retry.
2025-01-14 13:38:13.412 | ERROR    | tools:pretty_print_pandera_errors:264 - Missing required column 'cmt-specimen_id', ensure the file has not been modified and retry.
2025-01-14 13:38:13.412 | ERROR    | tools:pretty_print_pandera_errors:264 - Missing required column 'cmt-specimen_id', ensure the file has not been modified and retry.
2025-01-14 13:38:13.412 | ERROR    | tools:pretty_print_pandera_errors:264 - Missing required column 'cmt-sender_lab', ensure the file has not been modified and retry.
2025-01-14 13:38:13.412 | ERROR    | tools:pretty_print_pandera_errors:264 - Missing required column 'cmt-sender_lab', ensure the file has not been modified and retry.
2025-01-14 13:38:13.413 | ERROR    | tools:pretty_print_pandera_errors:264 - Missing required column 'cmt-seqlab_sample_id', ensure the file has not been modified and retry.
2025-01-14 13:38:13.413 | ERROR    | tools:pretty_print_pandera_errors:264 - Missing required column 'cmt-seqlab_sample_id', ensure the file has not been modified and retry.
2025-01-14 13:54:03.896 | INFO     | tools:get_metadata:245 - Loading metadata file...
2025-01-14 13:54:04.087 | SUCCESS  | tools:get_metadata:264 - Metadata successfully loaded.
2025-01-14 13:54:04.087 | SUCCESS  | tools:get_metadata:264 - Metadata successfully loaded.
2025-01-14 13:54:04.302 | INFO     | __main__:prep:82 - Creating submission files for BIOSAMPLE
2025-01-14 13:54:04.347 | INFO     | __main__:prep:94 - Files are stored at: /scicomp/home-pure/psv4/seqsender_master/seqsender/FLU_TEST_DATA/submission_files/BIOSAMPLE
2025-01-14 13:54:04.347 | INFO     | __main__:prep:82 - Creating submission files for GENBANK
2025-01-14 13:54:04.467 | INFO     | __main__:prep:94 - Files are stored at: /scicomp/home-pure/psv4/seqsender_master/seqsender/FLU_TEST_DATA/submission_files/GENBANK
2025-01-14 13:54:04.467 | INFO     | __main__:get_execution_time:36 - 
Total runtime (HRS:MIN:SECS): 0:00:00.630139
2025-01-14 13:55:54.695 | INFO     | tools:get_metadata:245 - Loading metadata file...
2025-01-14 13:55:54.880 | SUCCESS  | tools:get_metadata:264 - Metadata successfully loaded.
2025-01-14 13:55:54.880 | SUCCESS  | tools:get_metadata:264 - Metadata successfully loaded.
2025-01-14 13:55:55.110 | INFO     | __main__:prep:82 - Creating submission files for BIOSAMPLE
2025-01-14 13:55:55.154 | INFO     | __main__:prep:94 - Files are stored at: /scicomp/home-pure/psv4/seqsender_master/seqsender/FLU_TEST_DATA/submission_files/BIOSAMPLE
2025-01-14 13:55:55.154 | INFO     | __main__:prep:82 - Creating submission files for GENBANK
2025-01-14 13:55:55.269 | INFO     | __main__:prep:94 - Files are stored at: /scicomp/home-pure/psv4/seqsender_master/seqsender/FLU_TEST_DATA/submission_files/GENBANK
2025-01-14 13:55:55.269 | SUCCESS  | __main__:prep:95 - Submission prepared.
2025-01-14 13:55:55.269 | SUCCESS  | __main__:prep:95 - Submission prepared.
2025-01-14 13:55:55.269 | INFO     | __main__:get_execution_time:36 - 
Total runtime (HRS:MIN:SECS): 0:00:00.629011
2025-01-14 14:18:56.476 | INFO     | tools:get_metadata:245 - Loading metadata file...
2025-01-14 14:18:56.697 | SUCCESS  | tools:get_metadata:264 - Metadata successfully loaded.
2025-01-14 14:18:56.697 | SUCCESS  | tools:get_metadata:264 - Metadata successfully loaded.
2025-01-14 14:18:56.907 | INFO     | __main__:prep:82 - Creating submission files for BIOSAMPLE
2025-01-14 14:18:56.960 | INFO     | __main__:prep:94 - Files are stored at: /scicomp/home-pure/psv4/seqsender_master/seqsender/FLU_TEST_DATA/submission_files/BIOSAMPLE
2025-01-14 14:18:56.960 | INFO     | __main__:prep:82 - Creating submission files for GENBANK
2025-01-14 14:18:57.079 | INFO     | __main__:prep:94 - Files are stored at: /scicomp/home-pure/psv4/seqsender_master/seqsender/FLU_TEST_DATA/submission_files/GENBANK
2025-01-14 14:18:57.079 | SUCCESS  | __main__:prep:95 - Submission prepared.
2025-01-14 14:18:57.079 | SUCCESS  | __main__:prep:95 - Submission prepared.
2025-01-14 14:18:57.079 | INFO     | __main__:get_execution_time:36 - Total runtime (HRS:MIN:SECS): 0:00:00.659433
2025-01-14 14:20:17.582 | INFO     | tools:get_metadata:245 - Loading metadata file...
2025-01-14 14:20:17.609 | SUCCESS  | tools:load_custom_validation:180 - Custom validation added: 'ID'
2025-01-14 14:20:17.609 | SUCCESS  | tools:load_custom_validation:180 - Custom validation added: 'ID'
2025-01-14 14:20:17.780 | ERROR    | tools:validate_metadata:230 - Metadata failed GenBank comment schema.
2025-01-14 14:20:17.780 | ERROR    | tools:validate_metadata:230 - Metadata failed GenBank comment schema.
2025-01-14 14:20:17.794 | ERROR    | tools:pretty_print_pandera_errors:268 - File /scicomp/home-pure/psv4/seqsender_master/seqsender/FLU_TEST_DATA/metadata.csv has the following error('s):
(Note: Index position is calculated excluding column headers and the first row index value starting at '1'.)

2025-01-14 14:20:17.794 | ERROR    | tools:pretty_print_pandera_errors:268 - File /scicomp/home-pure/psv4/seqsender_master/seqsender/FLU_TEST_DATA/metadata.csv has the following error('s):
(Note: Index position is calculated excluding column headers and the first row index value starting at '1'.)

2025-01-14 14:20:17.795 | ERROR    | tools:pretty_print_pandera_errors:274 - Missing required column 'cmt-type', ensure the file has not been modified and retry.
2025-01-14 14:20:17.795 | ERROR    | tools:pretty_print_pandera_errors:274 - Missing required column 'cmt-type', ensure the file has not been modified and retry.
2025-01-14 14:20:17.795 | ERROR    | tools:pretty_print_pandera_errors:274 - Missing required column 'cmt-segment_name', ensure the file has not been modified and retry.
2025-01-14 14:20:17.795 | ERROR    | tools:pretty_print_pandera_errors:274 - Missing required column 'cmt-segment_name', ensure the file has not been modified and retry.
2025-01-14 14:20:17.795 | ERROR    | tools:pretty_print_pandera_errors:274 - Missing required column 'cmt-host_age', ensure the file has not been modified and retry.
2025-01-14 14:20:17.795 | ERROR    | tools:pretty_print_pandera_errors:274 - Missing required column 'cmt-host_age', ensure the file has not been modified and retry.
2025-01-14 14:20:17.795 | ERROR    | tools:pretty_print_pandera_errors:274 - Missing required column 'cmt-host_gender', ensure the file has not been modified and retry.
2025-01-14 14:20:17.795 | ERROR    | tools:pretty_print_pandera_errors:274 - Missing required column 'cmt-host_gender', ensure the file has not been modified and retry.
2025-01-14 14:20:17.796 | ERROR    | tools:pretty_print_pandera_errors:274 - Missing required column 'cmt-passage', ensure the file has not been modified and retry.
2025-01-14 14:20:17.796 | ERROR    | tools:pretty_print_pandera_errors:274 - Missing required column 'cmt-passage', ensure the file has not been modified and retry.
2025-01-14 14:20:17.796 | ERROR    | tools:pretty_print_pandera_errors:274 - Missing required column 'cmt-location', ensure the file has not been modified and retry.
2025-01-14 14:20:17.796 | ERROR    | tools:pretty_print_pandera_errors:274 - Missing required column 'cmt-location', ensure the file has not been modified and retry.
2025-01-14 14:20:17.796 | ERROR    | tools:pretty_print_pandera_errors:274 - Missing required column 'cmt-lineage', ensure the file has not been modified and retry.
2025-01-14 14:20:17.796 | ERROR    | tools:pretty_print_pandera_errors:274 - Missing required column 'cmt-lineage', ensure the file has not been modified and retry.
2025-01-14 14:20:17.796 | ERROR    | tools:pretty_print_pandera_errors:274 - Missing required column 'cmt-resist_to_oseltamivir', ensure the file has not been modified and retry.
2025-01-14 14:20:17.796 | ERROR    | tools:pretty_print_pandera_errors:274 - Missing required column 'cmt-resist_to_oseltamivir', ensure the file has not been modified and retry.
2025-01-14 14:20:17.796 | ERROR    | tools:pretty_print_pandera_errors:274 - Missing required column 'cmt-resist_to_zanamvir', ensure the file has not been modified and retry.
2025-01-14 14:20:17.796 | ERROR    | tools:pretty_print_pandera_errors:274 - Missing required column 'cmt-resist_to_zanamvir', ensure the file has not been modified and retry.
2025-01-14 14:20:17.797 | ERROR    | tools:pretty_print_pandera_errors:274 - Missing required column 'cmt-specimen_id', ensure the file has not been modified and retry.
2025-01-14 14:20:17.797 | ERROR    | tools:pretty_print_pandera_errors:274 - Missing required column 'cmt-specimen_id', ensure the file has not been modified and retry.
2025-01-14 14:20:17.797 | ERROR    | tools:pretty_print_pandera_errors:274 - Missing required column 'cmt-sender_lab', ensure the file has not been modified and retry.
2025-01-14 14:20:17.797 | ERROR    | tools:pretty_print_pandera_errors:274 - Missing required column 'cmt-sender_lab', ensure the file has not been modified and retry.
2025-01-14 14:20:17.797 | ERROR    | tools:pretty_print_pandera_errors:274 - Missing required column 'cmt-seqlab_sample_id', ensure the file has not been modified and retry.
2025-01-14 14:20:17.797 | ERROR    | tools:pretty_print_pandera_errors:274 - Missing required column 'cmt-seqlab_sample_id', ensure the file has not been modified and retry.
2025-01-16 15:10:49.997 | INFO     | tools:get_metadata:245 - Loading metadata file...
2025-01-16 15:10:50.268 | SUCCESS  | tools:get_metadata:264 - Metadata successfully loaded.
2025-01-16 15:10:50.268 | SUCCESS  | tools:get_metadata:264 - Metadata successfully loaded.
2025-01-16 15:10:50.504 | INFO     | __main__:prep:82 - Creating submission files for BIOSAMPLE
2025-01-16 15:10:50.544 | INFO     | __main__:prep:94 - Files are stored at: /scicomp/home-pure/psv4/seqsender_master/seqsender/FLU_TEST_DATA/submission_files/BIOSAMPLE
2025-01-16 15:10:50.544 | INFO     | __main__:prep:82 - Creating submission files for GENBANK
2025-01-16 15:10:50.666 | INFO     | __main__:prep:94 - Files are stored at: /scicomp/home-pure/psv4/seqsender_master/seqsender/FLU_TEST_DATA/submission_files/GENBANK
2025-01-16 15:10:50.666 | SUCCESS  | __main__:prep:95 - Submission prepared.
2025-01-16 15:10:50.666 | SUCCESS  | __main__:prep:95 - Submission prepared.
2025-01-16 15:10:50.666 | INFO     | __main__:get_execution_time:36 - Total runtime (HRS:MIN:SECS): 0:00:00.731272
2025-01-16 15:13:50.266 | INFO     | tools:get_metadata:245 - Loading metadata file...
2025-01-16 15:13:50.458 | SUCCESS  | tools:get_metadata:264 - Metadata successfully loaded.
2025-01-16 15:13:50.458 | SUCCESS  | tools:get_metadata:264 - Metadata successfully loaded.
2025-01-16 15:13:50.680 | INFO     | __main__:prep:82 - Creating submission files for BIOSAMPLE
2025-01-16 15:13:50.721 | INFO     | __main__:prep:94 - Files are stored at: /scicomp/home-pure/psv4/seqsender_master/seqsender/FLU_TEST_DATA/submission_files/BIOSAMPLE
2025-01-16 15:13:50.722 | INFO     | __main__:prep:82 - Creating submission files for GENBANK
2025-01-16 15:13:50.842 | INFO     | __main__:prep:94 - Files are stored at: /scicomp/home-pure/psv4/seqsender_master/seqsender/FLU_TEST_DATA/submission_files/GENBANK
2025-01-16 15:13:50.842 | SUCCESS  | __main__:prep:95 - Submission prepared.
2025-01-16 15:13:50.842 | SUCCESS  | __main__:prep:95 - Submission prepared.
2025-01-16 15:13:50.842 | INFO     | upload_log:create_submission_status_csv:31 - Creating submission status report...
2025-01-16 15:13:50.853 | SUCCESS  | upload_log:create_submission_status_csv:63 - Submission status report created.
2025-01-16 15:13:50.853 | SUCCESS  | upload_log:create_submission_status_csv:63 - Submission status report created.
2025-01-16 15:13:50.854 | WARNING  | ncbi_handler:submit_ncbi:140 - Uploading sample files to NCBI-BIOSAMPLE, as a 'TEST' submission. If this is not intended, interrupt immediately.
2025-01-16 15:13:50.854 | WARNING  | ncbi_handler:submit_ncbi:140 - Uploading sample files to NCBI-BIOSAMPLE, as a 'TEST' submission. If this is not intended, interrupt immediately.
2025-01-16 15:13:55.859 | INFO     | ncbi_handler:submit_ncbi:144 - Preparing submission: FLU_TEST_DATA_BIOSAMPLE
2025-01-16 15:13:59.466 | INFO     | ncbi_handler:submit_ncbi:147 - Submitting: 'FLU_TEST_DATA'
2025-01-16 15:13:59.726 | SUCCESS  | ncbi_handler:submit_ncbi:157 - Submission 'FLU_TEST_DATA' uploaded successfully.
2025-01-16 15:13:59.726 | SUCCESS  | ncbi_handler:submit_ncbi:157 - Submission 'FLU_TEST_DATA' uploaded successfully.
2025-01-16 15:13:59.802 | INFO     | __main__:get_execution_time:36 - Total runtime (HRS:MIN:SECS): 0:00:09.591824
2025-01-16 15:15:55.139 | INFO     | upload_log:update_submission_status:347 - Checking Submissions:
2025-01-16 15:15:55.141 | INFO     | upload_log:update_submission_status:350 - Submission: FLU_TEST_DATA
2025-01-16 15:15:59.088 | INFO     | ncbi_handler:get_ncbi_report:36 - Downloading report.xml
2025-01-16 15:15:59.205 | SUCCESS  | ncbi_handler:get_ncbi_report:40 - Download successful.
2025-01-16 15:15:59.205 | SUCCESS  | ncbi_handler:get_ncbi_report:40 - Download successful.
2025-01-16 15:15:59.278 | INFO     | upload_log:update_grouped_submission:311 - 	BioSample: SUBMITTED
2025-01-16 15:15:59.279 | INFO     | upload_log:update_grouped_submission:335 - 	GenBank: WAITING
2025-01-16 15:15:59.279 | SUCCESS  | upload_log:update_submission_status:357 - 
Updating submissions complete.
2025-01-16 15:15:59.279 | SUCCESS  | upload_log:update_submission_status:357 - 
Updating submissions complete.
2025-01-16 15:15:59.279 | INFO     | __main__:get_execution_time:36 - Total runtime (HRS:MIN:SECS): 0:00:04.202335
2025-01-16 18:22:39.298 | INFO     | logging_handler:print_log_header:62 - 
    ===============================================================================
                                    SEQSENDER - PREP
    ===============================================================================
    Version: 1.3.0 (Beta)
    Date: 2025-01-16
    Repo: https://github.com/CDCgov/seqsender
    Description: Namespace(biosample='BIOSAMPLE', command='prep', config_file='config.yaml', custom_validation='', fasta_file='sequence.fasta', genbank='GENBANK', gff_file=None, gisaid='', metadata_file='metadata.csv', organism='FLU', skip_validation=False, sra='', submission_dir='/scicomp/home-pure/psv4/seqsender_master/seqsender', submission_name='FLU_TEST_DATA', table2asn=False, verbose=True)
    
2025-01-16 18:22:39.343 | INFO     | tools:get_metadata:245 - Loading metadata file...
2025-01-16 18:22:39.619 | SUCCESS  | tools:get_metadata:264 - Metadata successfully loaded.
2025-01-16 18:22:39.619 | SUCCESS  | tools:get_metadata:264 - Metadata successfully loaded.
2025-01-16 18:22:39.817 | INFO     | __main__:prep:83 - Creating submission files for BIOSAMPLE
2025-01-16 18:22:39.858 | INFO     | __main__:prep:95 - Files are stored at: /scicomp/home-pure/psv4/seqsender_master/seqsender/FLU_TEST_DATA/submission_files/BIOSAMPLE
2025-01-16 18:22:39.858 | INFO     | __main__:prep:83 - Creating submission files for GENBANK
2025-01-16 18:22:39.967 | INFO     | __main__:prep:95 - Files are stored at: /scicomp/home-pure/psv4/seqsender_master/seqsender/FLU_TEST_DATA/submission_files/GENBANK
2025-01-16 18:22:39.967 | SUCCESS  | __main__:prep:96 - Submission prepared.
2025-01-16 18:22:39.967 | SUCCESS  | __main__:prep:96 - Submission prepared.
2025-01-16 18:22:39.967 | INFO     | __main__:get_execution_time:37 - Total runtime (HRS:MIN:SECS): 0:00:00.680405
2025-01-16 19:20:21.782 | INFO     | tools:get_metadata:245 - Loading metadata file...
2025-01-16 19:20:21.961 | SUCCESS  | tools:get_metadata:264 - Metadata successfully loaded.
2025-01-16 19:20:21.961 | SUCCESS  | tools:get_metadata:264 - Metadata successfully loaded.
2025-01-16 19:20:22.355 | INFO     | __main__:prep:98 - Creating submission files for BIOSAMPLE
2025-01-16 19:20:22.631 | INFO     | __main__:prep:110 - Files are stored at: /scicomp/home-pure/psv4/seqsender_master/seqsender/FLU_TEST_DATA/submission_files/BIOSAMPLE
2025-01-16 19:20:22.631 | INFO     | __main__:prep:98 - Creating submission files for GENBANK
2025-01-16 19:20:22.750 | INFO     | __main__:prep:110 - Files are stored at: /scicomp/home-pure/psv4/seqsender_master/seqsender/FLU_TEST_DATA/submission_files/GENBANK
2025-01-16 19:20:22.751 | SUCCESS  | __main__:prep:111 - Submission prepared.
2025-01-16 19:20:22.751 | SUCCESS  | __main__:prep:111 - Submission prepared.
2025-01-16 19:20:22.751 | INFO     | __main__:get_execution_time:38 - Total runtime (HRS:MIN:SECS): 0:00:01.022959
2025-01-17 11:26:46.868 | INFO     | tools:get_metadata:245 - Loading metadata file...
2025-01-17 11:26:47.120 | SUCCESS  | tools:get_metadata:264 - Metadata successfully loaded.
2025-01-17 11:26:47.120 | SUCCESS  | tools:get_metadata:264 - Metadata successfully loaded.
2025-01-17 11:26:47.328 | INFO     | __main__:prep:98 - Creating submission files for BIOSAMPLE
2025-01-17 11:26:47.368 | INFO     | __main__:prep:110 - Files are stored at: /scicomp/home-pure/psv4/seqsender_master/seqsender/FLU_TEST_DATA/submission_files/BIOSAMPLE
2025-01-17 11:26:47.369 | INFO     | __main__:prep:98 - Creating submission files for GENBANK
2025-01-17 11:26:47.484 | INFO     | __main__:prep:110 - Files are stored at: /scicomp/home-pure/psv4/seqsender_master/seqsender/FLU_TEST_DATA/submission_files/GENBANK
2025-01-17 11:26:47.484 | SUCCESS  | __main__:prep:111 - Submission prepared.
2025-01-17 11:26:47.484 | SUCCESS  | __main__:prep:111 - Submission prepared.
2025-01-17 11:26:47.484 | INFO     | __main__:get_execution_time:38 - Total runtime (HRS:MIN:SECS): 0:00:00.684338
2025-01-17 11:32:36.919 | INFO     | tools:get_metadata:245 - Loading metadata file...
2025-01-17 11:32:37.097 | SUCCESS  | tools:get_metadata:264 - Metadata successfully loaded.
2025-01-17 11:32:37.097 | SUCCESS  | tools:get_metadata:264 - Metadata successfully loaded.
2025-01-17 11:32:37.318 | INFO     | __main__:prep:99 - Creating submission files for BIOSAMPLE
2025-01-17 11:32:37.356 | INFO     | __main__:prep:111 - Files are stored at: /scicomp/home-pure/psv4/seqsender_master/seqsender/FLU_TEST_DATA/submission_files/BIOSAMPLE
2025-01-17 11:32:37.356 | INFO     | __main__:prep:99 - Creating submission files for GENBANK
2025-01-17 11:32:37.477 | INFO     | __main__:prep:111 - Files are stored at: /scicomp/home-pure/psv4/seqsender_master/seqsender/FLU_TEST_DATA/submission_files/GENBANK
2025-01-17 11:32:37.477 | SUCCESS  | __main__:prep:112 - Submission prepared.
2025-01-17 11:32:37.477 | SUCCESS  | __main__:prep:112 - Submission prepared.
2025-01-17 11:32:37.477 | INFO     | __main__:get_execution_time:38 - Total runtime (HRS:MIN:SECS): 0:00:00.623502
2025-01-17 11:33:52.061 | INFO     | tools:get_metadata:245 - Loading metadata file...
2025-01-17 11:33:52.235 | SUCCESS  | tools:get_metadata:264 - Metadata successfully loaded.
2025-01-17 11:33:52.235 | SUCCESS  | tools:get_metadata:264 - Metadata successfully loaded.
2025-01-17 11:33:52.453 | INFO     | __main__:prep:99 - Creating submission files for BIOSAMPLE
2025-01-17 11:33:52.492 | INFO     | __main__:prep:111 - Files are stored at: /scicomp/home-pure/psv4/seqsender_master/seqsender/FLU_TEST_DATA/submission_files/BIOSAMPLE
2025-01-17 11:33:52.492 | INFO     | __main__:prep:99 - Creating submission files for GENBANK
2025-01-17 11:33:52.607 | INFO     | __main__:prep:111 - Files are stored at: /scicomp/home-pure/psv4/seqsender_master/seqsender/FLU_TEST_DATA/submission_files/GENBANK
2025-01-17 11:33:52.607 | SUCCESS  | __main__:prep:112 - Submission prepared.
2025-01-17 11:33:52.607 | SUCCESS  | __main__:prep:112 - Submission prepared.
2025-01-17 11:33:52.607 | INFO     | __main__:get_execution_time:38 - Total runtime (HRS:MIN:SECS): 0:00:00.603242
2025-01-17 11:38:41.155 | INFO     | tools:get_metadata:245 - Loading metadata file...
2025-01-17 11:38:41.327 | SUCCESS  | tools:get_metadata:264 - Metadata successfully loaded.
2025-01-17 11:38:41.327 | SUCCESS  | tools:get_metadata:264 - Metadata successfully loaded.
2025-01-17 11:38:41.527 | INFO     | __main__:prep:98 - Creating submission files for BIOSAMPLE
2025-01-17 11:38:41.575 | INFO     | __main__:prep:110 - Files are stored at: /scicomp/home-pure/psv4/seqsender_master/seqsender/FLU_TEST_DATA/submission_files/BIOSAMPLE
2025-01-17 11:38:41.575 | INFO     | __main__:prep:98 - Creating submission files for GENBANK
2025-01-17 11:38:41.685 | INFO     | __main__:prep:110 - Files are stored at: /scicomp/home-pure/psv4/seqsender_master/seqsender/FLU_TEST_DATA/submission_files/GENBANK
2025-01-17 11:38:41.686 | SUCCESS  | __main__:prep:111 - Submission prepared.
2025-01-17 11:38:41.686 | SUCCESS  | __main__:prep:111 - Submission prepared.
2025-01-17 11:38:41.686 | INFO     | __main__:get_execution_time:38 - Total runtime (HRS:MIN:SECS): 0:00:00.587078
2025-01-17 11:41:09.813 | INFO     | tools:get_metadata:245 - Loading metadata file...
2025-01-17 11:41:09.977 | SUCCESS  | tools:get_metadata:264 - Metadata successfully loaded.
2025-01-17 11:41:09.977 | SUCCESS  | tools:get_metadata:264 - Metadata successfully loaded.
2025-01-17 11:41:10.185 | INFO     | __main__:prep:98 - Creating submission files for BIOSAMPLE
2025-01-17 11:41:10.226 | INFO     | __main__:prep:110 - Files are stored at: /scicomp/home-pure/psv4/seqsender_master/seqsender/FLU_TEST_DATA/submission_files/BIOSAMPLE
2025-01-17 11:41:10.226 | INFO     | __main__:prep:98 - Creating submission files for GENBANK
2025-01-17 11:41:10.340 | INFO     | __main__:prep:110 - Files are stored at: /scicomp/home-pure/psv4/seqsender_master/seqsender/FLU_TEST_DATA/submission_files/GENBANK
2025-01-17 11:41:10.340 | SUCCESS  | __main__:prep:111 - Submission prepared.
2025-01-17 11:41:10.340 | SUCCESS  | __main__:prep:111 - Submission prepared.
2025-01-17 11:41:10.340 | INFO     | __main__:get_execution_time:38 - Total runtime (HRS:MIN:SECS): 0:00:00.584559
2025-01-17 11:46:48.317 | INFO     | tools:get_metadata:245 - Loading metadata file...
2025-01-17 11:46:48.486 | SUCCESS  | tools:get_metadata:264 - Metadata successfully loaded.
2025-01-17 11:46:48.486 | SUCCESS  | tools:get_metadata:264 - Metadata successfully loaded.
2025-01-17 11:46:48.754 | INFO     | __main__:prep:101 - Creating submission files for BIOSAMPLE
2025-01-17 11:46:48.805 | INFO     | __main__:prep:113 - Files are stored at: /scicomp/home-pure/psv4/seqsender_master/seqsender/FLU_TEST_DATA/submission_files/BIOSAMPLE
2025-01-17 11:46:48.805 | INFO     | __main__:prep:101 - Creating submission files for GENBANK
2025-01-17 11:46:48.944 | INFO     | __main__:prep:113 - Files are stored at: /scicomp/home-pure/psv4/seqsender_master/seqsender/FLU_TEST_DATA/submission_files/GENBANK
2025-01-17 11:46:48.944 | SUCCESS  | __main__:prep:114 - Submission prepared.
2025-01-17 11:46:48.944 | SUCCESS  | __main__:prep:114 - Submission prepared.
2025-01-17 11:46:48.944 | INFO     | __main__:get_execution_time:38 - Total runtime (HRS:MIN:SECS): 0:00:00.687818
2025-01-17 11:54:19.087 | INFO     | __main__:initialize_logger:56 - 
2025-01-17 11:54:19.133 | INFO     | tools:get_metadata:245 - Loading metadata file...
2025-01-17 11:54:19.322 | SUCCESS  | tools:get_metadata:264 - Metadata successfully loaded.
2025-01-17 11:54:19.322 | SUCCESS  | tools:get_metadata:264 - Metadata successfully loaded.
2025-01-17 11:54:19.531 | INFO     | __main__:prep:102 - Creating submission files for BIOSAMPLE
2025-01-17 11:54:19.572 | INFO     | __main__:prep:114 - Files are stored at: /scicomp/home-pure/psv4/seqsender_master/seqsender/FLU_TEST_DATA/submission_files/BIOSAMPLE
2025-01-17 11:54:19.572 | INFO     | __main__:prep:102 - Creating submission files for GENBANK
2025-01-17 11:54:19.690 | INFO     | __main__:prep:114 - Files are stored at: /scicomp/home-pure/psv4/seqsender_master/seqsender/FLU_TEST_DATA/submission_files/GENBANK
2025-01-17 11:54:19.690 | SUCCESS  | __main__:prep:115 - Submission prepared.
2025-01-17 11:54:19.690 | SUCCESS  | __main__:prep:115 - Submission prepared.
2025-01-17 11:54:19.690 | INFO     | __main__:get_execution_time:38 - Total runtime (HRS:MIN:SECS): 0:00:00.624643
2025-01-17 11:56:01.342 | INFO     | __main__:initialize_logger:56 - 
2025-01-17 11:56:01.382 | INFO     | tools:get_metadata:245 - Loading metadata file...
2025-01-17 11:56:01.561 | SUCCESS  | tools:get_metadata:264 - Metadata successfully loaded.
2025-01-17 11:56:01.561 | SUCCESS  | tools:get_metadata:264 - Metadata successfully loaded.
2025-01-17 11:56:01.766 | INFO     | __main__:prep:102 - Creating submission files for BIOSAMPLE
2025-01-17 11:56:01.806 | INFO     | __main__:prep:114 - Files are stored at: /scicomp/home-pure/psv4/seqsender_master/seqsender/FLU_TEST_DATA/submission_files/BIOSAMPLE
2025-01-17 11:56:01.807 | INFO     | __main__:prep:102 - Creating submission files for GENBANK
2025-01-17 11:56:01.920 | INFO     | __main__:prep:114 - Files are stored at: /scicomp/home-pure/psv4/seqsender_master/seqsender/FLU_TEST_DATA/submission_files/GENBANK
2025-01-17 11:56:01.920 | SUCCESS  | __main__:prep:115 - Submission prepared.
2025-01-17 11:56:01.920 | SUCCESS  | __main__:prep:115 - Submission prepared.
2025-01-17 11:56:01.921 | INFO     | __main__:get_execution_time:38 - Total runtime (HRS:MIN:SECS): 0:00:00.594548
2025-01-17 12:16:01.989 | INFO     | __main__:initialize_logger:56 - 
2025-01-17 12:16:02.030 | INFO     | tools:get_metadata:245 - Loading metadata file...
2025-01-17 12:16:02.207 | SUCCESS  | tools:get_metadata:264 - Metadata successfully loaded.
2025-01-17 12:16:02.207 | SUCCESS  | tools:get_metadata:264 - Metadata successfully loaded.
2025-01-17 12:16:02.419 | INFO     | __main__:prep:102 - Creating submission files for BIOSAMPLE
2025-01-17 12:16:02.461 | INFO     | __main__:prep:114 - Files are stored at: /scicomp/home-pure/psv4/seqsender_master/seqsender/FLU_TEST_DATA/submission_files/BIOSAMPLE
2025-01-17 12:16:02.461 | INFO     | __main__:prep:102 - Creating submission files for GENBANK
2025-01-17 12:16:02.579 | INFO     | __main__:prep:114 - Files are stored at: /scicomp/home-pure/psv4/seqsender_master/seqsender/FLU_TEST_DATA/submission_files/GENBANK
2025-01-17 12:16:02.579 | SUCCESS  | __main__:prep:115 - Submission prepared.
2025-01-17 12:16:02.579 | SUCCESS  | __main__:prep:115 - Submission prepared.
2025-01-17 12:16:02.579 | INFO     | __main__:get_execution_time:38 - Total runtime (HRS:MIN:SECS): 0:00:00.606792
2025-01-17 12:39:16.068 | INFO     | __main__:initialize_logger:56 - SeqSender prep FLU_TEST_DATA
2025-01-17 12:39:16.107 | INFO     | tools:get_metadata:245 - Loading metadata file...
2025-01-17 12:39:16.279 | SUCCESS  | tools:get_metadata:264 - Metadata successfully loaded.
2025-01-17 12:39:16.279 | SUCCESS  | tools:get_metadata:264 - Metadata successfully loaded.
2025-01-17 12:39:16.481 | INFO     | __main__:prep:102 - Creating submission files for BIOSAMPLE
2025-01-17 12:39:16.528 | INFO     | __main__:prep:114 - Files are stored at: /scicomp/home-pure/psv4/seqsender_master/seqsender/FLU_TEST_DATA/submission_files/BIOSAMPLE
2025-01-17 12:39:16.528 | INFO     | __main__:prep:102 - Creating submission files for GENBANK
2025-01-17 12:39:16.635 | INFO     | __main__:prep:114 - Files are stored at: /scicomp/home-pure/psv4/seqsender_master/seqsender/FLU_TEST_DATA/submission_files/GENBANK
2025-01-17 12:39:16.635 | SUCCESS  | __main__:prep:115 - Submission prepared.
2025-01-17 12:39:16.635 | SUCCESS  | __main__:prep:115 - Submission prepared.
2025-01-17 12:39:16.635 | INFO     | __main__:get_execution_time:38 - Total runtime (HRS:MIN:SECS): 0:00:00.583079
2025-01-17 12:42:08.130 | INFO     | __main__:initialize_logger:56 - SeqSender prep FLU_TEST_DATA
2025-01-17 12:42:08.175 | INFO     | tools:get_metadata:245 - Loading metadata file...
2025-01-17 12:42:08.352 | SUCCESS  | tools:get_metadata:264 - Metadata successfully loaded.
2025-01-17 12:42:08.352 | SUCCESS  | tools:get_metadata:264 - Metadata successfully loaded.
2025-01-17 12:42:08.581 | INFO     | __main__:prep:102 - Creating submission files for BIOSAMPLE
2025-01-17 12:42:08.625 | INFO     | __main__:prep:114 - Files are stored at: /scicomp/home-pure/psv4/seqsender_master/seqsender/FLU_TEST_DATA/submission_files/BIOSAMPLE
2025-01-17 12:42:08.626 | INFO     | __main__:prep:102 - Creating submission files for GENBANK
2025-01-17 12:42:08.749 | INFO     | __main__:prep:114 - Files are stored at: /scicomp/home-pure/psv4/seqsender_master/seqsender/FLU_TEST_DATA/submission_files/GENBANK
2025-01-17 12:42:08.749 | SUCCESS  | __main__:prep:115 - Submission prepared.
2025-01-17 12:42:08.749 | SUCCESS  | __main__:prep:115 - Submission prepared.
2025-01-17 12:42:08.749 | INFO     | __main__:get_execution_time:38 - Total runtime (HRS:MIN:SECS): 0:00:00.635352
2025-01-17 12:53:36.631 | INFO     | __main__:initialize_logger:56 - SeqSender prep FLU_TEST_DATA
2025-01-17 12:53:36.633 | INFO     | tools:get_config:24 - Initializing config file...
2025-01-17 12:53:36.680 | INFO     | tools:get_metadata:246 - Loading metadata file...
2025-01-17 12:53:36.860 | SUCCESS  | tools:get_metadata:265 - Metadata successfully loaded.
2025-01-17 12:53:36.860 | SUCCESS  | tools:get_metadata:265 - Metadata successfully loaded.
2025-01-17 12:53:37.083 | INFO     | __main__:prep:102 - Creating submission files for BIOSAMPLE
2025-01-17 12:53:37.139 | INFO     | __main__:prep:114 - Files are stored at: /scicomp/home-pure/psv4/seqsender_master/seqsender/FLU_TEST_DATA/submission_files/BIOSAMPLE
2025-01-17 12:53:37.139 | INFO     | __main__:prep:102 - Creating submission files for GENBANK
2025-01-17 12:53:37.275 | INFO     | __main__:prep:114 - Files are stored at: /scicomp/home-pure/psv4/seqsender_master/seqsender/FLU_TEST_DATA/submission_files/GENBANK
2025-01-17 12:53:37.275 | SUCCESS  | __main__:prep:115 - Submission prepared.
2025-01-17 12:53:37.275 | SUCCESS  | __main__:prep:115 - Submission prepared.
2025-01-17 12:53:37.275 | INFO     | __main__:get_execution_time:38 - Total runtime (HRS:MIN:SECS): 0:00:00.660603
2025-01-17 12:57:24.705 | INFO     | __main__:initialize_logger:56 - SeqSender prep FLU_TEST_DATA
2025-01-17 12:57:24.706 | INFO     | tools:get_config:24 - Loading config file...
2025-01-17 12:57:24.758 | SUCCESS  | tools:get_config:53 - Config file successfully loaded.
2025-01-17 12:57:24.758 | SUCCESS  | tools:get_config:53 - Config file successfully loaded.
2025-01-17 12:57:24.758 | INFO     | tools:get_metadata:248 - Loading metadata file...
2025-01-17 12:57:24.956 | SUCCESS  | tools:get_metadata:267 - Metadata successfully loaded.
2025-01-17 12:57:24.956 | SUCCESS  | tools:get_metadata:267 - Metadata successfully loaded.
2025-01-17 12:57:25.188 | INFO     | __main__:prep:102 - Creating submission files for BIOSAMPLE
2025-01-17 12:57:25.232 | INFO     | __main__:prep:114 - Files are stored at: /scicomp/home-pure/psv4/seqsender_master/seqsender/FLU_TEST_DATA/submission_files/BIOSAMPLE
2025-01-17 12:57:25.232 | INFO     | __main__:prep:102 - Creating submission files for GENBANK
2025-01-17 12:57:25.343 | INFO     | __main__:prep:114 - Files are stored at: /scicomp/home-pure/psv4/seqsender_master/seqsender/FLU_TEST_DATA/submission_files/GENBANK
2025-01-17 12:57:25.343 | SUCCESS  | __main__:prep:115 - Submission prepared.
2025-01-17 12:57:25.343 | SUCCESS  | __main__:prep:115 - Submission prepared.
2025-01-17 12:57:25.343 | INFO     | __main__:get_execution_time:38 - Total runtime (HRS:MIN:SECS): 0:00:00.654481
2025-01-17 12:59:44.702 | INFO     | __main__:initialize_logger:56 - SeqSender prep FLU_TEST_DATA
2025-01-17 12:59:44.704 | INFO     | tools:get_config:24 - Loading config file...
2025-01-17 12:59:44.741 | SUCCESS  | tools:get_config:53 - Config file successfully loaded.
2025-01-17 12:59:44.741 | SUCCESS  | tools:get_config:53 - Config file successfully loaded.
2025-01-17 12:59:44.741 | INFO     | tools:get_metadata:247 - Loading metadata file...
2025-01-17 12:59:44.915 | SUCCESS  | tools:get_metadata:266 - Metadata successfully loaded.
2025-01-17 12:59:44.915 | SUCCESS  | tools:get_metadata:266 - Metadata successfully loaded.
2025-01-17 12:59:45.126 | INFO     | __main__:prep:102 - Creating submission files for BIOSAMPLE
2025-01-17 12:59:45.165 | INFO     | __main__:prep:114 - Files are stored at: /scicomp/home-pure/psv4/seqsender_master/seqsender/FLU_TEST_DATA/submission_files/BIOSAMPLE
2025-01-17 12:59:45.165 | INFO     | __main__:prep:102 - Creating submission files for GENBANK
2025-01-17 12:59:45.282 | INFO     | __main__:prep:114 - Files are stored at: /scicomp/home-pure/psv4/seqsender_master/seqsender/FLU_TEST_DATA/submission_files/GENBANK
2025-01-17 12:59:45.282 | SUCCESS  | __main__:prep:115 - Submission prepared.
2025-01-17 12:59:45.282 | SUCCESS  | __main__:prep:115 - Submission prepared.
2025-01-17 12:59:45.282 | INFO     | __main__:get_execution_time:38 - Total runtime (HRS:MIN:SECS): 0:00:00.598018
2025-01-17 13:24:48.081 | INFO     | __main__:initialize_logger:56 - SeqSender prep FLU_TEST_DATA
2025-01-17 13:24:48.085 | INFO     | tools:get_config:24 - Loading config file...
2025-01-17 13:24:48.191 | SUCCESS  | tools:get_config:53 - Config file successfully loaded.
2025-01-17 13:24:48.191 | SUCCESS  | tools:get_config:53 - Config file successfully loaded.
2025-01-17 13:24:48.191 | INFO     | tools:get_metadata:246 - Loading metadata file...
2025-01-17 13:24:48.448 | SUCCESS  | tools:get_metadata:265 - Metadata successfully loaded.
2025-01-17 13:24:48.448 | SUCCESS  | tools:get_metadata:265 - Metadata successfully loaded.
2025-01-17 13:24:48.449 | INFO     | tools:process_fasta_samples:368 - Loading fasta file...
2025-01-17 13:24:49.447 | SUCCESS  | tools:process_fasta_samples:394 - Fasta successfully loaded.
2025-01-17 13:24:49.447 | SUCCESS  | tools:process_fasta_samples:394 - Fasta successfully loaded.
2025-01-17 13:24:49.447 | INFO     | __main__:prep:102 - Creating submission files for BIOSAMPLE
2025-01-17 13:24:49.483 | INFO     | __main__:prep:114 - Files are stored at: /scicomp/home-pure/psv4/seqsender_master/seqsender/FLU_TEST_DATA/submission_files/BIOSAMPLE
2025-01-17 13:24:49.483 | INFO     | __main__:prep:102 - Creating submission files for GENBANK
2025-01-17 13:24:49.797 | INFO     | __main__:prep:114 - Files are stored at: /scicomp/home-pure/psv4/seqsender_master/seqsender/FLU_TEST_DATA/submission_files/GENBANK
2025-01-17 13:24:49.797 | SUCCESS  | __main__:prep:115 - Submission prepared.
2025-01-17 13:24:49.797 | SUCCESS  | __main__:prep:115 - Submission prepared.
2025-01-17 13:24:49.797 | INFO     | __main__:get_execution_time:38 - Total runtime (HRS:MIN:SECS): 0:00:01.735445
2025-01-17 13:50:18.297 | INFO     | __main__:initialize_logger:56 - SeqSender prep FLU_TEST_DATA
2025-01-17 13:50:18.299 | INFO     | tools:get_config:24 - Loading config file...
2025-01-17 13:50:18.342 | SUCCESS  | tools:get_config:53 - Config file successfully loaded.
2025-01-17 13:50:18.342 | SUCCESS  | tools:get_config:53 - Config file successfully loaded.
2025-01-17 13:50:18.342 | INFO     | tools:get_metadata:246 - Loading metadata file...
2025-01-17 13:50:18.603 | SUCCESS  | tools:get_metadata:265 - Metadata successfully loaded.
2025-01-17 13:50:18.603 | SUCCESS  | tools:get_metadata:265 - Metadata successfully loaded.
2025-01-17 13:50:18.603 | INFO     | tools:process_fasta_samples:368 - Loading fasta file...
2025-01-17 13:50:18.816 | SUCCESS  | tools:process_fasta_samples:394 - Fasta successfully loaded.
2025-01-17 13:50:18.816 | SUCCESS  | tools:process_fasta_samples:394 - Fasta successfully loaded.
2025-01-17 13:50:18.816 | INFO     | __main__:prep:102 - Creating submission files for BIOSAMPLE
2025-01-17 13:50:18.855 | SUCCESS  | __main__:prep:114 - BIOSAMPLE files created.
2025-01-17 13:50:18.855 | SUCCESS  | __main__:prep:114 - BIOSAMPLE files created.
2025-01-17 13:50:18.855 | INFO     | __main__:prep:102 - Creating submission files for SRA
2025-01-17 13:50:55.281 | INFO     | __main__:initialize_logger:56 - SeqSender prep FLU_TEST_DATA
2025-01-17 13:50:55.282 | INFO     | tools:get_config:24 - Loading config file...
2025-01-17 13:50:55.322 | SUCCESS  | tools:get_config:53 - Config file successfully loaded.
2025-01-17 13:50:55.322 | SUCCESS  | tools:get_config:53 - Config file successfully loaded.
2025-01-17 13:50:55.323 | INFO     | tools:get_metadata:246 - Loading metadata file...
2025-01-17 13:50:55.537 | SUCCESS  | tools:get_metadata:265 - Metadata successfully loaded.
2025-01-17 13:50:55.537 | SUCCESS  | tools:get_metadata:265 - Metadata successfully loaded.
2025-01-17 13:50:55.537 | INFO     | tools:process_fasta_samples:368 - Loading fasta file...
2025-01-17 13:50:55.748 | SUCCESS  | tools:process_fasta_samples:394 - Fasta successfully loaded.
2025-01-17 13:50:55.748 | SUCCESS  | tools:process_fasta_samples:394 - Fasta successfully loaded.
2025-01-17 13:50:55.748 | INFO     | __main__:prep:102 - Creating submission files for BIOSAMPLE
2025-01-17 13:50:55.787 | SUCCESS  | __main__:prep:114 - BIOSAMPLE files created.
2025-01-17 13:50:55.787 | SUCCESS  | __main__:prep:114 - BIOSAMPLE files created.
2025-01-17 13:50:55.787 | INFO     | __main__:prep:102 - Creating submission files for SRA
2025-01-17 13:51:43.980 | INFO     | __main__:initialize_logger:56 - SeqSender prep FLU_TEST_DATA
2025-01-17 13:51:43.981 | INFO     | tools:get_config:24 - Loading config file...
2025-01-17 13:51:44.029 | SUCCESS  | tools:get_config:53 - Config file successfully loaded.
2025-01-17 13:51:44.029 | SUCCESS  | tools:get_config:53 - Config file successfully loaded.
2025-01-17 13:51:44.030 | INFO     | tools:get_metadata:246 - Loading metadata file...
2025-01-17 13:51:44.279 | SUCCESS  | tools:get_metadata:265 - Metadata successfully loaded.
2025-01-17 13:51:44.279 | SUCCESS  | tools:get_metadata:265 - Metadata successfully loaded.
2025-01-17 13:51:44.279 | INFO     | tools:process_fasta_samples:368 - Loading fasta file...
2025-01-17 13:51:44.501 | SUCCESS  | tools:process_fasta_samples:394 - Fasta successfully loaded.
2025-01-17 13:51:44.501 | SUCCESS  | tools:process_fasta_samples:394 - Fasta successfully loaded.
2025-01-17 13:51:44.501 | INFO     | __main__:prep:102 - Creating submission files for BIOSAMPLE
2025-01-17 13:51:44.544 | SUCCESS  | __main__:prep:114 - BIOSAMPLE files created.
2025-01-17 13:51:44.544 | SUCCESS  | __main__:prep:114 - BIOSAMPLE files created.
2025-01-17 13:51:44.544 | INFO     | __main__:prep:102 - Creating submission files for SRA
2025-01-17 13:52:31.360 | INFO     | __main__:initialize_logger:56 - SeqSender prep FLU_TEST_DATA
2025-01-17 13:52:31.361 | INFO     | tools:get_config:24 - Loading config file...
2025-01-17 13:52:31.399 | SUCCESS  | tools:get_config:53 - Config file successfully loaded.
2025-01-17 13:52:31.399 | SUCCESS  | tools:get_config:53 - Config file successfully loaded.
2025-01-17 13:52:31.399 | INFO     | tools:get_metadata:246 - Loading metadata file...
2025-01-17 13:52:31.637 | SUCCESS  | tools:get_metadata:265 - Metadata successfully loaded.
2025-01-17 13:52:31.637 | SUCCESS  | tools:get_metadata:265 - Metadata successfully loaded.
2025-01-17 13:52:31.637 | INFO     | tools:process_fasta_samples:368 - Loading fasta file...
2025-01-17 13:52:31.857 | SUCCESS  | tools:process_fasta_samples:394 - Fasta successfully loaded.
2025-01-17 13:52:31.857 | SUCCESS  | tools:process_fasta_samples:394 - Fasta successfully loaded.
2025-01-17 13:52:31.857 | INFO     | __main__:prep:102 - Creating submission files for BIOSAMPLE
2025-01-17 13:52:31.897 | SUCCESS  | __main__:prep:114 - BIOSAMPLE files created.
2025-01-17 13:52:31.897 | SUCCESS  | __main__:prep:114 - BIOSAMPLE files created.
2025-01-17 13:52:31.897 | INFO     | __main__:prep:102 - Creating submission files for SRA
2025-01-17 13:55:42.818 | INFO     | __main__:initialize_logger:56 - SeqSender prep FLU_TEST_DATA
2025-01-17 13:55:42.820 | INFO     | tools:get_config:24 - Loading config file...
2025-01-17 13:55:42.858 | SUCCESS  | tools:get_config:53 - Config file successfully loaded.
2025-01-17 13:55:42.858 | SUCCESS  | tools:get_config:53 - Config file successfully loaded.
2025-01-17 13:55:42.858 | INFO     | tools:get_metadata:246 - Loading metadata file...
2025-01-17 13:55:43.104 | SUCCESS  | tools:get_metadata:265 - Metadata successfully loaded.
2025-01-17 13:55:43.104 | SUCCESS  | tools:get_metadata:265 - Metadata successfully loaded.
2025-01-17 13:55:43.104 | INFO     | tools:process_fasta_samples:368 - Loading fasta file...
2025-01-17 13:55:43.309 | SUCCESS  | tools:process_fasta_samples:394 - Fasta successfully loaded.
2025-01-17 13:55:43.309 | SUCCESS  | tools:process_fasta_samples:394 - Fasta successfully loaded.
2025-01-17 13:55:43.309 | INFO     | __main__:prep:102 - Creating submission files for BIOSAMPLE
2025-01-17 13:55:43.349 | SUCCESS  | __main__:prep:114 - BIOSAMPLE files created.
2025-01-17 13:55:43.349 | SUCCESS  | __main__:prep:114 - BIOSAMPLE files created.
2025-01-17 13:55:43.349 | INFO     | __main__:prep:102 - Creating submission files for SRA
2025-01-17 13:57:56.516 | INFO     | __main__:initialize_logger:56 - SeqSender prep FLU_TEST_DATA
2025-01-17 13:57:56.518 | INFO     | tools:get_config:24 - Loading config file...
2025-01-17 13:57:56.563 | SUCCESS  | tools:get_config:53 - Config file successfully loaded.
2025-01-17 13:57:56.563 | SUCCESS  | tools:get_config:53 - Config file successfully loaded.
2025-01-17 13:57:56.563 | INFO     | tools:get_metadata:246 - Loading metadata file...
2025-01-17 13:57:56.829 | SUCCESS  | tools:get_metadata:265 - Metadata successfully loaded.
2025-01-17 13:57:56.829 | SUCCESS  | tools:get_metadata:265 - Metadata successfully loaded.
2025-01-17 13:57:56.830 | INFO     | tools:process_fasta_samples:368 - Loading fasta file...
2025-01-17 13:57:57.111 | SUCCESS  | tools:process_fasta_samples:394 - Fasta successfully loaded.
2025-01-17 13:57:57.111 | SUCCESS  | tools:process_fasta_samples:394 - Fasta successfully loaded.
2025-01-17 13:57:57.111 | INFO     | __main__:prep:102 - Creating submission files for BIOSAMPLE
2025-01-17 13:57:57.175 | SUCCESS  | __main__:prep:114 - BIOSAMPLE files created.
2025-01-17 13:57:57.175 | SUCCESS  | __main__:prep:114 - BIOSAMPLE files created.
2025-01-17 13:57:57.175 | INFO     | __main__:prep:102 - Creating submission files for SRA
2025-01-17 13:57:57.226 | SUCCESS  | __main__:prep:114 - SRA files created.
2025-01-17 13:57:57.226 | SUCCESS  | __main__:prep:114 - SRA files created.
2025-01-17 13:57:57.227 | INFO     | __main__:prep:102 - Creating submission files for GENBANK
2025-01-17 13:57:57.362 | SUCCESS  | __main__:prep:114 - GENBANK files created.
2025-01-17 13:57:57.362 | SUCCESS  | __main__:prep:114 - GENBANK files created.
2025-01-17 13:57:57.362 | SUCCESS  | __main__:prep:115 - Submission prepared.
2025-01-17 13:57:57.362 | SUCCESS  | __main__:prep:115 - Submission prepared.
2025-01-17 13:57:57.362 | INFO     | __main__:get_execution_time:38 - Total runtime (HRS:MIN:SECS): 0:00:00.867561
2025-01-17 14:08:51.225 | INFO     | __main__:initialize_logger:56 - SeqSender prep FLU_TEST_DATA
2025-01-17 14:08:51.227 | INFO     | tools:get_config:24 - Loading config file...
2025-01-17 14:08:51.264 | SUCCESS  | tools:get_config:53 - Config file successfully loaded.
2025-01-17 14:08:51.264 | SUCCESS  | tools:get_config:53 - Config file successfully loaded.
2025-01-17 14:08:51.265 | INFO     | tools:get_metadata:246 - Loading metadata file...
2025-01-17 14:08:51.527 | SUCCESS  | tools:get_metadata:265 - Metadata successfully loaded.
2025-01-17 14:08:51.527 | SUCCESS  | tools:get_metadata:265 - Metadata successfully loaded.
2025-01-17 14:08:51.527 | INFO     | tools:process_fasta_samples:368 - Loading fasta file...
2025-01-17 14:08:51.748 | SUCCESS  | tools:process_fasta_samples:394 - Fasta successfully loaded.
2025-01-17 14:08:51.748 | SUCCESS  | tools:process_fasta_samples:394 - Fasta successfully loaded.
2025-01-17 14:08:51.749 | INFO     | __main__:prep:102 - Creating submission files for BIOSAMPLE
2025-01-17 14:08:51.791 | SUCCESS  | __main__:prep:114 - BIOSAMPLE files created.
2025-01-17 14:08:51.791 | SUCCESS  | __main__:prep:114 - BIOSAMPLE files created.
2025-01-17 14:08:51.791 | INFO     | __main__:prep:102 - Creating submission files for SRA
2025-01-17 14:08:51.827 | SUCCESS  | __main__:prep:114 - SRA files created.
2025-01-17 14:08:51.827 | SUCCESS  | __main__:prep:114 - SRA files created.
2025-01-17 14:08:51.827 | INFO     | __main__:prep:102 - Creating submission files for GENBANK
2025-01-17 14:08:51.953 | SUCCESS  | __main__:prep:114 - GENBANK files created.
2025-01-17 14:08:51.953 | SUCCESS  | __main__:prep:114 - GENBANK files created.
2025-01-17 14:08:51.953 | SUCCESS  | __main__:prep:115 - Submission prepared.
2025-01-17 14:08:51.953 | SUCCESS  | __main__:prep:115 - Submission prepared.
2025-01-17 14:08:51.954 | INFO     | __main__:get_execution_time:38 - Total runtime (HRS:MIN:SECS): 0:00:00.745492
2025-01-17 14:16:17.908 | INFO     | __main__:initialize_logger:56 - SeqSender prep FLU_TEST_DATA
2025-01-17 14:16:17.909 | INFO     | tools:get_config:24 - Loading config file...
2025-01-17 14:16:17.950 | SUCCESS  | tools:get_config:53 - Config file successfully loaded.
2025-01-17 14:16:17.950 | SUCCESS  | tools:get_config:53 - Config file successfully loaded.
2025-01-17 14:16:17.950 | INFO     | tools:get_metadata:246 - Loading metadata file...
2025-01-17 14:16:18.188 | SUCCESS  | tools:get_metadata:265 - Metadata successfully loaded.
2025-01-17 14:16:18.188 | SUCCESS  | tools:get_metadata:265 - Metadata successfully loaded.
2025-01-17 14:16:18.188 | INFO     | tools:process_fasta_samples:368 - Loading fasta file...
2025-01-17 14:16:18.402 | SUCCESS  | tools:process_fasta_samples:394 - Fasta successfully loaded.
2025-01-17 14:16:18.402 | SUCCESS  | tools:process_fasta_samples:394 - Fasta successfully loaded.
2025-01-17 14:16:18.402 | INFO     | __main__:prep:102 - Creating submission files for BIOSAMPLE
2025-01-17 14:16:18.448 | SUCCESS  | __main__:prep:114 - BIOSAMPLE files created.
2025-01-17 14:16:18.448 | SUCCESS  | __main__:prep:114 - BIOSAMPLE files created.
2025-01-17 14:16:18.449 | INFO     | __main__:prep:102 - Creating submission files for SRA
2025-01-17 14:16:18.485 | SUCCESS  | __main__:prep:114 - SRA files created.
2025-01-17 14:16:18.485 | SUCCESS  | __main__:prep:114 - SRA files created.
2025-01-17 14:16:18.485 | INFO     | __main__:prep:102 - Creating submission files for GENBANK
2025-01-17 14:16:18.611 | SUCCESS  | __main__:prep:114 - GENBANK files created.
2025-01-17 14:16:18.611 | SUCCESS  | __main__:prep:114 - GENBANK files created.
2025-01-17 14:16:18.612 | SUCCESS  | __main__:prep:115 - Submission prepared.
2025-01-17 14:16:18.612 | SUCCESS  | __main__:prep:115 - Submission prepared.
2025-01-17 14:16:18.612 | INFO     | __main__:get_execution_time:38 - Total runtime (HRS:MIN:SECS): 0:00:00.719195
2025-01-17 14:18:23.095 | INFO     | __main__:initialize_logger:56 - SeqSender prep FLU_TEST_DATA
2025-01-17 14:18:23.097 | INFO     | tools:get_config:24 - Loading config file...
2025-01-17 14:18:23.135 | SUCCESS  | tools:get_config:53 - Config file successfully loaded.
2025-01-17 14:18:23.135 | SUCCESS  | tools:get_config:53 - Config file successfully loaded.
2025-01-17 14:18:23.136 | INFO     | tools:get_metadata:246 - Loading metadata file...
2025-01-17 14:18:23.377 | SUCCESS  | tools:get_metadata:265 - Metadata successfully loaded.
2025-01-17 14:18:23.377 | SUCCESS  | tools:get_metadata:265 - Metadata successfully loaded.
2025-01-17 14:18:23.377 | INFO     | tools:process_fasta_samples:368 - Loading fasta file...
2025-01-17 14:18:23.584 | SUCCESS  | tools:process_fasta_samples:394 - Fasta successfully loaded.
2025-01-17 14:18:23.584 | SUCCESS  | tools:process_fasta_samples:394 - Fasta successfully loaded.
2025-01-17 14:18:23.584 | INFO     | __main__:prep:102 - Creating submission files for BIOSAMPLE
2025-01-17 14:18:23.634 | SUCCESS  | __main__:prep:114 - BIOSAMPLE files created.
2025-01-17 14:18:23.634 | SUCCESS  | __main__:prep:114 - BIOSAMPLE files created.
2025-01-17 14:18:23.634 | INFO     | __main__:prep:102 - Creating submission files for SRA
2025-01-17 14:18:23.671 | SUCCESS  | __main__:prep:114 - SRA files created.
2025-01-17 14:18:23.671 | SUCCESS  | __main__:prep:114 - SRA files created.
2025-01-17 14:18:23.672 | INFO     | __main__:prep:102 - Creating submission files for GENBANK
2025-01-17 14:18:23.789 | SUCCESS  | __main__:prep:114 - GENBANK files created.
2025-01-17 14:18:23.789 | SUCCESS  | __main__:prep:114 - GENBANK files created.
2025-01-17 14:18:23.789 | SUCCESS  | __main__:prep:115 - Submission prepared.
2025-01-17 14:18:23.789 | SUCCESS  | __main__:prep:115 - Submission prepared.
2025-01-17 14:18:23.789 | INFO     | __main__:get_execution_time:38 - Total runtime (HRS:MIN:SECS): 0:00:00.711103
2025-01-21 10:17:12.925 | INFO     | __main__:initialize_logger:56 - SeqSender prep FLU_TEST_DATA
2025-01-21 10:17:12.929 | INFO     | tools:get_config:24 - Loading config file...
2025-01-21 10:17:12.983 | SUCCESS  | tools:get_config:53 - Config file successfully loaded.
2025-01-21 10:17:12.983 | SUCCESS  | tools:get_config:53 - Config file successfully loaded.
2025-01-21 10:17:12.983 | INFO     | tools:get_metadata:246 - Loading metadata file...
2025-01-21 10:17:13.299 | SUCCESS  | tools:get_metadata:265 - Metadata successfully loaded.
2025-01-21 10:17:13.299 | SUCCESS  | tools:get_metadata:265 - Metadata successfully loaded.
2025-01-21 10:17:13.299 | INFO     | tools:process_fasta_samples:368 - Loading fasta file...
2025-01-21 10:17:14.554 | SUCCESS  | tools:process_fasta_samples:394 - Fasta successfully loaded.
2025-01-21 10:17:14.554 | SUCCESS  | tools:process_fasta_samples:394 - Fasta successfully loaded.
2025-01-21 10:17:14.554 | INFO     | __main__:prep:102 - Creating submission files for BIOSAMPLE
2025-01-21 10:17:14.720 | SUCCESS  | __main__:prep:114 - BIOSAMPLE files created.
2025-01-21 10:17:14.720 | SUCCESS  | __main__:prep:114 - BIOSAMPLE files created.
2025-01-21 10:17:14.720 | INFO     | __main__:prep:102 - Creating submission files for SRA
2025-01-21 10:19:00.104 | INFO     | __main__:initialize_logger:56 - SeqSender prep FLU_TEST_DATA
2025-01-21 10:19:00.106 | INFO     | tools:get_config:24 - Loading config file...
2025-01-21 10:19:00.156 | SUCCESS  | tools:get_config:53 - Config file successfully loaded.
2025-01-21 10:19:00.156 | SUCCESS  | tools:get_config:53 - Config file successfully loaded.
2025-01-21 10:19:00.156 | INFO     | tools:get_metadata:246 - Loading metadata file...
2025-01-21 10:19:00.422 | SUCCESS  | tools:get_metadata:265 - Metadata successfully loaded.
2025-01-21 10:19:00.422 | SUCCESS  | tools:get_metadata:265 - Metadata successfully loaded.
2025-01-21 10:19:00.422 | INFO     | tools:process_fasta_samples:368 - Loading fasta file...
2025-01-21 10:19:00.624 | SUCCESS  | tools:process_fasta_samples:394 - Fasta successfully loaded.
2025-01-21 10:19:00.624 | SUCCESS  | tools:process_fasta_samples:394 - Fasta successfully loaded.
2025-01-21 10:19:00.624 | INFO     | __main__:prep:102 - Creating submission files for BIOSAMPLE
2025-01-21 10:19:00.664 | SUCCESS  | __main__:prep:114 - BIOSAMPLE files created.
2025-01-21 10:19:00.664 | SUCCESS  | __main__:prep:114 - BIOSAMPLE files created.
2025-01-21 10:19:00.665 | INFO     | __main__:prep:102 - Creating submission files for SRA
2025-01-21 10:19:00.708 | SUCCESS  | __main__:prep:114 - SRA files created.
2025-01-21 10:19:00.708 | SUCCESS  | __main__:prep:114 - SRA files created.
2025-01-21 10:19:00.708 | INFO     | __main__:prep:102 - Creating submission files for GENBANK
2025-01-21 10:19:00.820 | SUCCESS  | __main__:prep:114 - GENBANK files created.
2025-01-21 10:19:00.820 | SUCCESS  | __main__:prep:114 - GENBANK files created.
2025-01-21 10:19:00.820 | SUCCESS  | __main__:prep:115 - Submission prepared.
2025-01-21 10:19:00.820 | SUCCESS  | __main__:prep:115 - Submission prepared.
2025-01-21 10:19:00.820 | INFO     | __main__:get_execution_time:38 - Total runtime (HRS:MIN:SECS): 0:00:00.733944
2025-01-21 10:21:38.218 | INFO     | __main__:initialize_logger:56 - SeqSender prep FLU_TEST_DATA
2025-01-21 10:21:38.220 | INFO     | tools:get_config:24 - Loading config file...
2025-01-21 10:21:38.260 | SUCCESS  | tools:get_config:53 - Config file successfully loaded.
2025-01-21 10:21:38.260 | SUCCESS  | tools:get_config:53 - Config file successfully loaded.
2025-01-21 10:21:38.261 | INFO     | tools:get_metadata:246 - Loading metadata file...
2025-01-21 10:21:38.484 | SUCCESS  | tools:get_metadata:265 - Metadata successfully loaded.
2025-01-21 10:21:38.484 | SUCCESS  | tools:get_metadata:265 - Metadata successfully loaded.
2025-01-21 10:21:38.484 | INFO     | tools:process_fasta_samples:368 - Loading fasta file...
2025-01-21 10:21:38.702 | SUCCESS  | tools:process_fasta_samples:394 - Fasta successfully loaded.
2025-01-21 10:21:38.702 | SUCCESS  | tools:process_fasta_samples:394 - Fasta successfully loaded.
2025-01-21 10:21:38.702 | INFO     | __main__:prep:102 - Creating submission files for BIOSAMPLE
2025-01-21 10:21:38.745 | SUCCESS  | __main__:prep:114 - BIOSAMPLE files created.
2025-01-21 10:21:38.745 | SUCCESS  | __main__:prep:114 - BIOSAMPLE files created.
2025-01-21 10:21:38.745 | INFO     | __main__:prep:102 - Creating submission files for SRA
2025-01-21 10:21:38.779 | SUCCESS  | __main__:prep:114 - SRA files created.
2025-01-21 10:21:38.779 | SUCCESS  | __main__:prep:114 - SRA files created.
2025-01-21 10:21:38.779 | INFO     | __main__:prep:102 - Creating submission files for GENBANK
2025-01-21 10:21:38.893 | SUCCESS  | __main__:prep:114 - GENBANK files created.
2025-01-21 10:21:38.893 | SUCCESS  | __main__:prep:114 - GENBANK files created.
2025-01-21 10:21:38.893 | SUCCESS  | __main__:prep:115 - Submission prepared.
2025-01-21 10:21:38.893 | SUCCESS  | __main__:prep:115 - Submission prepared.
2025-01-21 10:21:38.893 | INFO     | __main__:get_execution_time:38 - Total runtime (HRS:MIN:SECS): 0:00:00.690517
2025-01-21 10:28:01.772 | INFO     | __main__:initialize_logger:56 - SeqSender prep FLU_TEST_DATA
2025-01-21 10:28:01.775 | INFO     | tools:get_config:24 - Loading config file...
2025-01-21 10:28:01.825 | SUCCESS  | tools:get_config:53 - Config file successfully loaded.
2025-01-21 10:28:01.825 | SUCCESS  | tools:get_config:53 - Config file successfully loaded.
2025-01-21 10:28:01.825 | INFO     | tools:get_metadata:246 - Loading metadata file...
2025-01-21 10:28:02.103 | SUCCESS  | tools:get_metadata:265 - Metadata successfully loaded.
2025-01-21 10:28:02.103 | SUCCESS  | tools:get_metadata:265 - Metadata successfully loaded.
2025-01-21 10:28:02.103 | INFO     | tools:process_fasta_samples:368 - Loading fasta file...
2025-01-21 10:28:02.318 | SUCCESS  | tools:process_fasta_samples:394 - Fasta successfully loaded.
2025-01-21 10:28:02.318 | SUCCESS  | tools:process_fasta_samples:394 - Fasta successfully loaded.
2025-01-21 10:28:02.318 | INFO     | __main__:prep:102 - Creating submission files for BIOSAMPLE
2025-01-21 10:28:02.372 | SUCCESS  | __main__:prep:114 - BIOSAMPLE files created.
2025-01-21 10:28:02.372 | SUCCESS  | __main__:prep:114 - BIOSAMPLE files created.
2025-01-21 10:28:02.372 | INFO     | __main__:prep:102 - Creating submission files for SRA
2025-01-21 10:28:02.407 | SUCCESS  | __main__:prep:114 - SRA files created.
2025-01-21 10:28:02.407 | SUCCESS  | __main__:prep:114 - SRA files created.
2025-01-21 10:28:02.407 | INFO     | __main__:prep:102 - Creating submission files for GENBANK
2025-01-21 10:28:02.525 | SUCCESS  | __main__:prep:114 - GENBANK files created.
2025-01-21 10:28:02.525 | SUCCESS  | __main__:prep:114 - GENBANK files created.
2025-01-21 10:28:02.525 | SUCCESS  | __main__:prep:115 - Submission prepared.
2025-01-21 10:28:02.525 | SUCCESS  | __main__:prep:115 - Submission prepared.
2025-01-21 10:28:02.525 | INFO     | __main__:get_execution_time:38 - Total runtime (HRS:MIN:SECS): 0:00:00.771407
2025-01-21 10:29:34.459 | INFO     | __main__:initialize_logger:56 - SeqSender prep FLU_TEST_DATA
2025-01-21 10:29:34.461 | INFO     | tools:get_config:24 - Loading config file...
2025-01-21 10:29:34.501 | SUCCESS  | tools:get_config:53 - Config file successfully loaded.
2025-01-21 10:29:34.501 | SUCCESS  | tools:get_config:53 - Config file successfully loaded.
2025-01-21 10:29:34.502 | INFO     | tools:get_metadata:246 - Loading metadata file...
2025-01-21 10:29:34.733 | SUCCESS  | tools:get_metadata:265 - Metadata successfully loaded.
2025-01-21 10:29:34.733 | SUCCESS  | tools:get_metadata:265 - Metadata successfully loaded.
2025-01-21 10:29:34.733 | INFO     | tools:process_fasta_samples:368 - Loading fasta file...
2025-01-21 10:29:34.953 | SUCCESS  | tools:process_fasta_samples:394 - Fasta successfully loaded.
2025-01-21 10:29:34.953 | SUCCESS  | tools:process_fasta_samples:394 - Fasta successfully loaded.
2025-01-21 10:29:34.953 | INFO     | __main__:prep:102 - Creating submission files for BIOSAMPLE
2025-01-21 10:29:34.997 | SUCCESS  | __main__:prep:114 - BIOSAMPLE files created.
2025-01-21 10:29:34.997 | SUCCESS  | __main__:prep:114 - BIOSAMPLE files created.
2025-01-21 10:29:34.997 | INFO     | __main__:prep:102 - Creating submission files for SRA
2025-01-21 10:29:35.035 | SUCCESS  | __main__:prep:114 - SRA files created.
2025-01-21 10:29:35.035 | SUCCESS  | __main__:prep:114 - SRA files created.
2025-01-21 10:29:35.035 | INFO     | __main__:prep:102 - Creating submission files for GENBANK
2025-01-21 10:29:35.156 | SUCCESS  | __main__:prep:114 - GENBANK files created.
2025-01-21 10:29:35.156 | SUCCESS  | __main__:prep:114 - GENBANK files created.
2025-01-21 10:29:35.156 | SUCCESS  | __main__:prep:115 - Submission prepared.
2025-01-21 10:29:35.156 | SUCCESS  | __main__:prep:115 - Submission prepared.
2025-01-21 10:29:35.156 | INFO     | __main__:get_execution_time:38 - Total runtime (HRS:MIN:SECS): 0:00:00.714036
2025-01-21 11:56:21.598 | INFO     | __main__:initialize_logger:56 - SeqSender prep FLU_TEST_DATA
2025-01-21 11:56:21.602 | INFO     | tools:get_config:24 - Loading config file...
2025-01-21 11:56:21.649 | SUCCESS  | tools:get_config:53 - Config file successfully loaded.
2025-01-21 11:56:21.649 | SUCCESS  | tools:get_config:53 - Config file successfully loaded.
2025-01-21 11:56:21.650 | INFO     | tools:get_metadata:246 - Loading metadata file...
2025-01-21 11:56:22.005 | SUCCESS  | tools:get_metadata:265 - Metadata successfully loaded.
2025-01-21 11:56:22.005 | SUCCESS  | tools:get_metadata:265 - Metadata successfully loaded.
2025-01-21 11:56:22.005 | INFO     | tools:process_fasta_samples:368 - Loading fasta file...
2025-01-21 11:56:22.217 | SUCCESS  | tools:process_fasta_samples:394 - Fasta successfully loaded.
2025-01-21 11:56:22.217 | SUCCESS  | tools:process_fasta_samples:394 - Fasta successfully loaded.
2025-01-21 11:56:22.217 | INFO     | __main__:prep:102 - Creating submission files for BIOSAMPLE
2025-01-21 11:56:22.257 | SUCCESS  | __main__:prep:114 - BIOSAMPLE files created.
2025-01-21 11:56:22.257 | SUCCESS  | __main__:prep:114 - BIOSAMPLE files created.
2025-01-21 11:56:22.258 | INFO     | __main__:prep:102 - Creating submission files for SRA
2025-01-21 11:56:22.303 | SUCCESS  | __main__:prep:114 - SRA files created.
2025-01-21 11:56:22.303 | SUCCESS  | __main__:prep:114 - SRA files created.
2025-01-21 11:56:22.303 | INFO     | __main__:prep:102 - Creating submission files for GENBANK
2025-01-21 11:56:22.417 | SUCCESS  | __main__:prep:114 - GENBANK files created.
2025-01-21 11:56:22.417 | SUCCESS  | __main__:prep:114 - GENBANK files created.
2025-01-21 11:56:22.417 | SUCCESS  | __main__:prep:115 - Submission prepared.
2025-01-21 11:56:22.417 | SUCCESS  | __main__:prep:115 - Submission prepared.
2025-01-21 11:56:22.418 | INFO     | __main__:get_execution_time:38 - Total runtime (HRS:MIN:SECS): 0:00:00.837425
2025-01-21 11:59:41.400 | INFO     | __main__:initialize_logger:56 - SeqSender prep FLU_TEST_DATA
2025-01-21 11:59:41.408 | INFO     | tools:get_config:24 - Loading config file...
2025-01-21 11:59:41.459 | SUCCESS  | tools:get_config:53 - Config file successfully loaded.
2025-01-21 11:59:41.459 | SUCCESS  | tools:get_config:53 - Config file successfully loaded.
2025-01-21 11:59:41.460 | INFO     | tools:get_metadata:246 - Loading metadata file...
2025-01-21 11:59:41.697 | SUCCESS  | tools:get_metadata:265 - Metadata successfully loaded.
2025-01-21 11:59:41.697 | SUCCESS  | tools:get_metadata:265 - Metadata successfully loaded.
2025-01-21 11:59:41.697 | INFO     | tools:process_fasta_samples:368 - Loading fasta file...
2025-01-21 11:59:41.914 | SUCCESS  | tools:process_fasta_samples:394 - Fasta successfully loaded.
2025-01-21 11:59:41.914 | SUCCESS  | tools:process_fasta_samples:394 - Fasta successfully loaded.
2025-01-21 11:59:41.914 | INFO     | __main__:prep:102 - Creating submission files for BIOSAMPLE
2025-01-21 11:59:41.956 | SUCCESS  | __main__:prep:114 - BIOSAMPLE files created.
2025-01-21 11:59:41.956 | SUCCESS  | __main__:prep:114 - BIOSAMPLE files created.
2025-01-21 11:59:41.956 | INFO     | __main__:prep:102 - Creating submission files for SRA
2025-01-21 11:59:41.995 | SUCCESS  | __main__:prep:114 - SRA files created.
2025-01-21 11:59:41.995 | SUCCESS  | __main__:prep:114 - SRA files created.
2025-01-21 11:59:41.995 | INFO     | __main__:prep:102 - Creating submission files for GENBANK
2025-01-21 11:59:42.120 | SUCCESS  | __main__:prep:114 - GENBANK files created.
2025-01-21 11:59:42.120 | SUCCESS  | __main__:prep:114 - GENBANK files created.
2025-01-21 11:59:42.120 | SUCCESS  | __main__:prep:115 - Submission prepared.
2025-01-21 11:59:42.120 | SUCCESS  | __main__:prep:115 - Submission prepared.
2025-01-21 11:59:42.120 | INFO     | __main__:get_execution_time:38 - Total runtime (HRS:MIN:SECS): 0:00:00.736308
2025-01-21 12:01:25.631 | INFO     | __main__:initialize_logger:56 - SeqSender prep FLU_TEST_DATA
2025-01-21 12:01:25.633 | INFO     | tools:get_config:24 - Loading config file...
2025-01-21 12:01:25.681 | SUCCESS  | tools:get_config:53 - Config file successfully loaded.
2025-01-21 12:01:25.681 | SUCCESS  | tools:get_config:53 - Config file successfully loaded.
2025-01-21 12:01:25.682 | INFO     | tools:get_metadata:246 - Loading metadata file...
2025-01-21 12:01:25.917 | SUCCESS  | tools:get_metadata:265 - Metadata successfully loaded.
2025-01-21 12:01:25.917 | SUCCESS  | tools:get_metadata:265 - Metadata successfully loaded.
2025-01-21 12:01:25.917 | INFO     | tools:process_fasta_samples:368 - Loading fasta file...
2025-01-21 12:01:26.176 | SUCCESS  | tools:process_fasta_samples:394 - Fasta successfully loaded.
2025-01-21 12:01:26.176 | SUCCESS  | tools:process_fasta_samples:394 - Fasta successfully loaded.
2025-01-21 12:01:26.176 | INFO     | __main__:prep:102 - Creating submission files for BIOSAMPLE
2025-01-21 12:01:26.223 | SUCCESS  | __main__:prep:114 - BIOSAMPLE files created.
2025-01-21 12:01:26.223 | SUCCESS  | __main__:prep:114 - BIOSAMPLE files created.
2025-01-21 12:01:26.223 | INFO     | __main__:prep:102 - Creating submission files for SRA
2025-01-21 12:01:26.263 | SUCCESS  | __main__:prep:114 - SRA files created.
2025-01-21 12:01:26.263 | SUCCESS  | __main__:prep:114 - SRA files created.
2025-01-21 12:01:26.263 | INFO     | __main__:prep:102 - Creating submission files for GENBANK
2025-01-21 12:01:26.394 | SUCCESS  | __main__:prep:114 - GENBANK files created.
2025-01-21 12:01:26.394 | SUCCESS  | __main__:prep:114 - GENBANK files created.
2025-01-21 12:01:26.394 | SUCCESS  | __main__:prep:115 - Submission prepared.
2025-01-21 12:01:26.394 | SUCCESS  | __main__:prep:115 - Submission prepared.
2025-01-21 12:01:26.394 | INFO     | __main__:get_execution_time:38 - Total runtime (HRS:MIN:SECS): 0:00:00.778353
2025-01-21 12:05:30.534 | INFO     | __main__:initialize_logger:56 - SeqSender prep FLU_TEST_DATA
2025-01-21 12:05:30.536 | INFO     | tools:get_config:24 - Loading config file...
2025-01-21 12:05:30.583 | SUCCESS  | tools:get_config:53 - Config file successfully loaded.
2025-01-21 12:05:30.583 | SUCCESS  | tools:get_config:53 - Config file successfully loaded.
2025-01-21 12:05:30.583 | INFO     | tools:get_metadata:246 - Loading metadata file...
2025-01-21 12:05:30.874 | SUCCESS  | tools:get_metadata:265 - Metadata successfully loaded.
2025-01-21 12:05:30.874 | SUCCESS  | tools:get_metadata:265 - Metadata successfully loaded.
2025-01-21 12:05:30.874 | INFO     | tools:process_fasta_samples:368 - Loading fasta file...
2025-01-21 12:05:31.087 | SUCCESS  | tools:process_fasta_samples:394 - Fasta successfully loaded.
2025-01-21 12:05:31.087 | SUCCESS  | tools:process_fasta_samples:394 - Fasta successfully loaded.
2025-01-21 12:05:31.087 | INFO     | __main__:prep:102 - Creating submission files for BIOSAMPLE
2025-01-21 12:05:31.129 | SUCCESS  | __main__:prep:114 - BIOSAMPLE files created.
2025-01-21 12:05:31.129 | SUCCESS  | __main__:prep:114 - BIOSAMPLE files created.
2025-01-21 12:05:31.129 | INFO     | __main__:prep:102 - Creating submission files for SRA
2025-01-21 12:05:31.162 | SUCCESS  | __main__:prep:114 - SRA files created.
2025-01-21 12:05:31.162 | SUCCESS  | __main__:prep:114 - SRA files created.
2025-01-21 12:05:31.162 | INFO     | __main__:prep:102 - Creating submission files for GENBANK
2025-01-21 12:05:31.272 | SUCCESS  | __main__:prep:114 - GENBANK files created.
2025-01-21 12:05:31.272 | SUCCESS  | __main__:prep:114 - GENBANK files created.
2025-01-21 12:05:31.272 | SUCCESS  | __main__:prep:115 - Submission prepared.
2025-01-21 12:05:31.272 | SUCCESS  | __main__:prep:115 - Submission prepared.
2025-01-21 12:05:31.272 | INFO     | __main__:get_execution_time:38 - Total runtime (HRS:MIN:SECS): 0:00:00.753182
